<?xml version="1.0" encoding="UTF-8"?>
<testsuites>
  <testsuite name="fastlane.lanes">
    
    
    
      
      <testcase classname="fastlane.lanes" name="0: default_platform" time="0.003308">
        
      </testcase>
    
      
      <testcase classname="fastlane.lanes" name="1: xcodebuild -project nimble.xcodeproj -scheme Nimble -enableCodeCoverage YES clean build test" time="1.425425">
        
          <failure message="/Library/Ruby/Gems/2.6.0/gems/fastlane-2.119.0/fastlane/lib/fastlane/actions/actions_helper.rb:48:in `execute_action'&#10;/Library/Ruby/Gems/2.6.0/gems/fastlane-2.119.0/fastlane/lib/fastlane/fast_file.rb:191:in `sh'&#10;/Library/Ruby/Gems/2.6.0/gems/fastlane-2.119.0/fastlane/lib/fastlane/fast_file.rb:186:in `sh'&#10;Fastfile:33:in `block (2 levels) in parsing_binding'&#10;/Library/Ruby/Gems/2.6.0/gems/fastlane-2.119.0/fastlane/lib/fastlane/lane.rb:33:in `call'&#10;/Library/Ruby/Gems/2.6.0/gems/fastlane-2.119.0/fastlane/lib/fastlane/runner.rb:49:in `block in execute'&#10;/Library/Ruby/Gems/2.6.0/gems/fastlane-2.119.0/fastlane/lib/fastlane/runner.rb:45:in `chdir'&#10;/Library/Ruby/Gems/2.6.0/gems/fastlane-2.119.0/fastlane/lib/fastlane/runner.rb:45:in `execute'&#10;/Library/Ruby/Gems/2.6.0/gems/fastlane-2.119.0/fastlane/lib/fastlane/lane_manager.rb:56:in `cruise_lane'&#10;/Library/Ruby/Gems/2.6.0/gems/fastlane-2.119.0/fastlane/lib/fastlane/command_line_handler.rb:36:in `handle'&#10;/Library/Ruby/Gems/2.6.0/gems/fastlane-2.119.0/fastlane/lib/fastlane/commands_generator.rb:108:in `block (2 levels) in run'&#10;/Library/Ruby/Gems/2.6.0/gems/commander-fastlane-4.4.6/lib/commander/command.rb:178:in `call'&#10;/Library/Ruby/Gems/2.6.0/gems/commander-fastlane-4.4.6/lib/commander/command.rb:153:in `run'&#10;/Library/Ruby/Gems/2.6.0/gems/commander-fastlane-4.4.6/lib/commander/runner.rb:476:in `run_active_command'&#10;/Library/Ruby/Gems/2.6.0/gems/fastlane-2.119.0/fastlane_core/lib/fastlane_core/ui/fastlane_runner.rb:76:in `run!'&#10;/Library/Ruby/Gems/2.6.0/gems/commander-fastlane-4.4.6/lib/commander/delegates.rb:15:in `run!'&#10;/Library/Ruby/Gems/2.6.0/gems/fastlane-2.119.0/fastlane/lib/fastlane/commands_generator.rb:333:in `run'&#10;/Library/Ruby/Gems/2.6.0/gems/fastlane-2.119.0/fastlane/lib/fastlane/commands_generator.rb:41:in `start'&#10;/Library/Ruby/Gems/2.6.0/gems/fastlane-2.119.0/fastlane/lib/fastlane/cli_tools_distributor.rb:119:in `take_off'&#10;/Library/Ruby/Gems/2.6.0/gems/fastlane-2.119.0/bin/fastlane:23:in `&lt;top (required)&gt;'&#10;/usr/local/bin/fastlane:23:in `load'&#10;/usr/local/bin/fastlane:23:in `&lt;main&gt;'&#10;&#10;Exit status of command 'xcodebuild -project nimble.xcodeproj -scheme Nimble -enableCodeCoverage YES clean build test' was 66 instead of 0.&#10;Command line invocation:&#10;    /Applications/Xcode.app/Contents/Developer/usr/bin/xcodebuild -project nimble.xcodeproj -scheme Nimble -enableCodeCoverage YES clean build test&#10;&#10;User defaults from command line:&#10;    IDEPackageSupportUseBuiltinSCM = YES&#10;&#10;2023-11-14 14:30:18.415 xcodebuild[26382:4684792] Writing error result bundle to /var/folders/fx/v45npdkd4rxcrbpbtpqkfqsc0000gn/T/ResultBundle_2023-14-11_14-30-0018.xcresult&#10;xcodebuild: error: 'nimble.xcodeproj' does not exist.&#10;" />
        
      </testcase>
    
  </testsuite>
</testsuites>
